<?xml version="1.0" encoding="UTF-8"?>
<testsuite xmlns:xsi="http://www.w3.org/2001/XMLSchema-instance" xsi:noNamespaceSchemaLocation="https://maven.apache.org/surefire/maven-surefire-plugin/xsd/surefire-test-report-3.0.xsd" version="3.0" name="TestSuite" time="53.986" tests="1" errors="0" skipped="0" failures="0">
  <properties>
[...]
</properties>
  <testcase name="test" classname="com.android.ApiDemos.TestBase" time="10.288">
    <system-out><![CDATA[&amp#27;[35m[Appium]&amp#27;[39m Welcome to Appium v1.20.2
&amp#27;[35m[Appium]&amp#27;[39m Appium REST http interface listener started on 0.0.0.0:4723
&amp#27;[35m[HTTP]&amp#27;[39m &amp#27;[37m-->&amp#27;[39m &amp#27;[37mGET&amp#27;[39m &amp#27;[37m/wd/hub/status&amp#27;[39m
&amp#27;[35m[HTTP]&amp#27;[39m &amp#27;[90m{}&amp#27;[39m
[debug] &amp#27;[35m[GENERIC]&amp#27;[39m Calling AppiumDriver.getStatus() with args: []
[debug] &amp#27;[35m[GENERIC]&amp#27;[39m Responding to client with driver.getStatus() result: {"build":{"version":"1.20.2"}}
&amp#27;[35m[HTTP]&amp#27;[39m &amp#27;[37m<-- GET /wd/hub/status &amp#27;[39m&amp#27;[32m200&amp#27;[39m &amp#27;[90m18 ms - 68&amp#27;[39m
&amp#27;[35m[HTTP]&amp#27;[39m &amp#27;[90m&amp#27;[39m
&amp#27;[35m[HTTP]&amp#27;[39m &amp#27;[37m-->&amp#27;[39m &amp#27;[37mPOST&amp#27;[39m &amp#27;[37m/wd/hub/session&amp#27;[39m
&amp#27;[35m[HTTP]&amp#27;[39m &amp#27;[90m{"desiredCapabilities":{"appPackage":"io.appium.android.apis","appActivity":"io.appium.android.apis.ApiDemos","platformVersion":"5.1.1","automationName":"Appium","platformName":"Android","deviceName":"oppo","UDID":"ba559782"}}&amp#27;[39m
[debug] &amp#27;[35m[MJSONWP]&amp#27;[39m Calling AppiumDriver.createSession() with args: [{"appPackage":"io.appium.android.apis","appActivity":"io.appium.android.apis.ApiDemos","platformVersion":"5.1.1","automationName":"Appium","platformName":"Android","deviceName":"oppo","UDID":"ba559782"},null,null]
[debug] &amp#27;[35m[BaseDriver]&amp#27;[39m Event 'newSessionRequested' logged at 1616944558210 (20:45:58 GMT+0530 (India Standard Time))
&amp#27;[35m[Appium]&amp#27;[39m 
&amp#27;[35m[Appium]&amp#27;[39m ======================================================================
&amp#27;[35m[Appium]&amp#27;[39m   DEPRECATION WARNING:
&amp#27;[35m[Appium]&amp#27;[39m 
&amp#27;[35m[Appium]&amp#27;[39m   The 'automationName' capability was not provided in the desired 
&amp#27;[35m[Appium]&amp#27;[39m   capabilities for this Android session
&amp#27;[35m[Appium]&amp#27;[39m 
&amp#27;[35m[Appium]&amp#27;[39m   Setting 'automationName=UiAutomator2' by default and using the 
&amp#27;[35m[Appium]&amp#27;[39m   UiAutomator2 Driver
&amp#27;[35m[Appium]&amp#27;[39m 
&amp#27;[35m[Appium]&amp#27;[39m   The next major version of Appium (2.x) will **require** the 
&amp#27;[35m[Appium]&amp#27;[39m   'automationName' capability to be set for all sessions on all 
&amp#27;[35m[Appium]&amp#27;[39m   platforms
&amp#27;[35m[Appium]&amp#27;[39m 
&amp#27;[35m[Appium]&amp#27;[39m   In previous versions (Appium <= 1.13.x), the default was 
&amp#27;[35m[Appium]&amp#27;[39m   'automationName=UiAutomator1'
&amp#27;[35m[Appium]&amp#27;[39m 
&amp#27;[35m[Appium]&amp#27;[39m   If you wish to use that automation instead of UiAutomator2, please 
&amp#27;[35m[Appium]&amp#27;[39m   add 'automationName=UiAutomator1' to your desired capabilities
&amp#27;[35m[Appium]&amp#27;[39m 
&amp#27;[35m[Appium]&amp#27;[39m   For more information about drivers, please visit 
&amp#27;[35m[Appium]&amp#27;[39m   http://appium.io/docs/en/about-appium/intro/ and explore the 
&amp#27;[35m[Appium]&amp#27;[39m   'Drivers' menu
&amp#27;[35m[Appium]&amp#27;[39m 
&amp#27;[35m[Appium]&amp#27;[39m ======================================================================
&amp#27;[35m[Appium]&amp#27;[39m 
&amp#27;[35m[Appium]&amp#27;[39m Appium v1.20.2 creating new AndroidUiautomator2Driver (v1.61.2) session
[debug] &amp#27;[35m[BaseDriver]&amp#27;[39m Creating session with MJSONWP desired capabilities: {
[debug] &amp#27;[35m[BaseDriver]&amp#27;[39m   "appPackage": "io.appium.android.apis",
[debug] &amp#27;[35m[BaseDriver]&amp#27;[39m   "appActivity": "io.appium.android.apis.ApiDemos",
[debug] &amp#27;[35m[BaseDriver]&amp#27;[39m   "platformVersion": "5.1.1",
[debug] &amp#27;[35m[BaseDriver]&amp#27;[39m   "automationName": "Appium",
[debug] &amp#27;[35m[BaseDriver]&amp#27;[39m   "platformName": "Android",
[debug] &amp#27;[35m[BaseDriver]&amp#27;[39m   "deviceName": "oppo",
[debug] &amp#27;[35m[BaseDriver]&amp#27;[39m   "UDID": "ba559782"
[debug] &amp#27;[35m[BaseDriver]&amp#27;[39m }
&amp#27;[35m[BaseDriver]&amp#27;[39m The following capabilities were provided, but are not recognized by Appium:
&amp#27;[35m[BaseDriver]&amp#27;[39m   UDID
&amp#27;[35m[BaseDriver]&amp#27;[39m Session created with session id: 2dc62b3c-2f36-40ec-b268-f90743b7e261
&amp#27;[35m[UiAutomator2]&amp#27;[39m Starting 'io.appium.android.apis' directly on the device
&amp#27;[35m[ADB]&amp#27;[39m Found 1 'build-tools' folders under 'C:\Users\Admin\AppData\Local\Android\Sdk' (newest first):
&amp#27;[35m[ADB]&amp#27;[39m     C:/Users/Admin/AppData/Local/Android/Sdk/build-tools/30.0.3
&amp#27;[35m[ADB]&amp#27;[39m Using 'adb.exe' from 'C:\Users\Admin\AppData\Local\Android\Sdk\platform-tools\adb.exe'
[debug] &amp#27;[35m[ADB]&amp#27;[39m Running 'C:\Users\Admin\AppData\Local\Android\Sdk\platform-tools\adb.exe -P 5037 start-server'
&amp#27;[35m[AndroidDriver]&amp#27;[39m Retrieving device list
[debug] &amp#27;[35m[ADB]&amp#27;[39m Trying to find a connected android device
[debug] &amp#27;[35m[ADB]&amp#27;[39m Getting connected devices
[debug] &amp#27;[35m[ADB]&amp#27;[39m Connected devices: [{"udid":"ba559782","state":"device"}]
&amp#27;[35m[AndroidDriver]&amp#27;[39m Looking for a device with Android '5.1.1'
[debug] &amp#27;[35m[ADB]&amp#27;[39m Setting device id to ba559782
&amp#27;[35m[ADB]&amp#27;[39m Getting device platform version
[debug] &amp#27;[35m[ADB]&amp#27;[39m Running 'C:\Users\Admin\AppData\Local\Android\Sdk\platform-tools\adb.exe -P 5037 -s ba559782 shell getprop ro.build.version.release'
[debug] &amp#27;[35m[ADB]&amp#27;[39m Current device property 'ro.build.version.release': 5.1.1
&amp#27;[35m[AndroidDriver]&amp#27;[39m Using device: ba559782
&amp#27;[35m[ADB]&amp#27;[39m Using 'adb.exe' from 'C:\Users\Admin\AppData\Local\Android\Sdk\platform-tools\adb.exe'
[debug] &amp#27;[35m[ADB]&amp#27;[39m Running 'C:\Users\Admin\AppData\Local\Android\Sdk\platform-tools\adb.exe -P 5037 start-server'
[debug] &amp#27;[35m[ADB]&amp#27;[39m Setting device id to ba559782
[debug] &amp#27;[35m[ADB]&amp#27;[39m Running 'C:\Users\Admin\AppData\Local\Android\Sdk\platform-tools\adb.exe -P 5037 -s ba559782 shell getprop ro.build.version.sdk'
[debug] &amp#27;[35m[ADB]&amp#27;[39m Current device property 'ro.build.version.sdk': 22
[debug] &amp#27;[35m[ADB]&amp#27;[39m Device API level: 22
&amp#27;[35m[AndroidDriver]&amp#27;[39m No app sent in, not parsing package/activity
[debug] &amp#27;[35m[ADB]&amp#27;[39m Running 'C:\Users\Admin\AppData\Local\Android\Sdk\platform-tools\adb.exe -P 5037 -s ba559782 wait-for-device'
[debug] &amp#27;[35m[ADB]&amp#27;[39m Running 'C:\Users\Admin\AppData\Local\Android\Sdk\platform-tools\adb.exe -P 5037 -s ba559782 shell echo ping'
[debug] &amp#27;[35m[AndroidDriver]&amp#27;[39m Pushing settings apk to device...
[debug] &amp#27;[35m[ADB]&amp#27;[39m Getting install status for io.appium.settings
[debug] &amp#27;[35m[ADB]&amp#27;[39m Running 'C:\Users\Admin\AppData\Local\Android\Sdk\platform-tools\adb.exe -P 5037 -s ba559782 shell dumpsys package io.appium.settings'
[debug] &amp#27;[35m[ADB]&amp#27;[39m 'io.appium.settings' is installed
[debug] &amp#27;[35m[ADB]&amp#27;[39m Getting package info for 'io.appium.settings'
[debug] &amp#27;[35m[ADB]&amp#27;[39m Running 'C:\Users\Admin\AppData\Local\Android\Sdk\platform-tools\adb.exe -P 5037 -s ba559782 shell dumpsys package io.appium.settings'
[debug] &amp#27;[35m[ADB]&amp#27;[39m The version name of the installed 'io.appium.settings' is greater or equal to the application version name ('3.2.1' >= '3.2.1')
[debug] &amp#27;[35m[ADB]&amp#27;[39m There is no need to install/upgrade 'C:\Users\Admin\AppData\Roaming\npm\node_modules\appium\node_modules\io.appium.settings\apks\settings_apk-debug.apk'
[debug] &amp#27;[35m[ADB]&amp#27;[39m Getting IDs of all 'io.appium.settings' processes
[debug] &amp#27;[35m[ADB]&amp#27;[39m Using ps-based PID detection
[debug] &amp#27;[35m[ADB]&amp#27;[39m Running 'C:\Users\Admin\AppData\Local\Android\Sdk\platform-tools\adb.exe -P 5037 -s ba559782 shell ps --help'
[debug] &amp#27;[35m[ADB]&amp#27;[39m Running 'C:\Users\Admin\AppData\Local\Android\Sdk\platform-tools\adb.exe -P 5037 -s ba559782 shell ps'
[debug] &amp#27;[35m[AndroidDriver]&amp#27;[39m io.appium.settings is already running. There is no need to reset its permissions.
[debug] &amp#27;[35m[ADB]&amp#27;[39m Running 'C:\Users\Admin\AppData\Local\Android\Sdk\platform-tools\adb.exe -P 5037 -s ba559782 shell settings put secure mock_location 1'
[debug] &amp#27;[35m[Logcat]&amp#27;[39m Starting logs capture with command: C:\\Users\\Admin\\AppData\\Local\\Android\\Sdk\\platform-tools\\adb.exe -P 5037 -s ba559782 logcat -v threadtime
[debug] &amp#27;[35m[UiAutomator2]&amp#27;[39m Forwarding UiAutomator2 Server port 6790 to local port 8209
[debug] &amp#27;[35m[ADB]&amp#27;[39m Forwarding system: 8209 to device: 6790
[debug] &amp#27;[35m[ADB]&amp#27;[39m Running 'C:\Users\Admin\AppData\Local\Android\Sdk\platform-tools\adb.exe -P 5037 -s ba559782 forward tcp:8209 tcp:6790'
[debug] &amp#27;[35m[ADB]&amp#27;[39m Getting install status for io.appium.uiautomator2.server
[debug] &amp#27;[35m[ADB]&amp#27;[39m Running 'C:\Users\Admin\AppData\Local\Android\Sdk\platform-tools\adb.exe -P 5037 -s ba559782 shell dumpsys package io.appium.uiautomator2.server'
[debug] &amp#27;[35m[ADB]&amp#27;[39m 'io.appium.uiautomator2.server' is installed
[debug] &amp#27;[35m[ADB]&amp#27;[39m Getting package info for 'io.appium.uiautomator2.server'
[debug] &amp#27;[35m[ADB]&amp#27;[39m Running 'C:\Users\Admin\AppData\Local\Android\Sdk\platform-tools\adb.exe -P 5037 -s ba559782 shell dumpsys package io.appium.uiautomator2.server'
[debug] &amp#27;[35m[ADB]&amp#27;[39m The version name of the installed 'io.appium.uiautomator2.server' is greater or equal to the application version name ('4.17.4' >= '4.17.4')
[debug] &amp#27;[35m[UiAutomator2]&amp#27;[39m io.appium.uiautomator2.server installation state: sameVersionInstalled
[debug] &amp#27;[35m[ADB]&amp#27;[39m Checking app cert for C:\Users\Admin\AppData\Roaming\npm\node_modules\appium\node_modules\appium-uiautomator2-server\apks\appium-uiautomator2-server-v4.17.4.apk
&amp#27;[35m[ADB]&amp#27;[39m Using 'apksigner.jar' from 'C:\Users\Admin\AppData\Local\Android\Sdk\build-tools\30.0.3\lib\apksigner.jar'
[debug] &amp#27;[35m[ADB]&amp#27;[39m Starting apksigner: 'C:\\Program Files\\Java\\jdk1.8.0_261\\bin\\java.exe' -Xmx1024M -Xss1m -jar C:\\Users\\Admin\\AppData\\Local\\Android\\Sdk\\build-tools\\30.0.3\\lib\\apksigner.jar verify --print-certs C:\\Users\\Admin\\AppData\\Roaming\\npm\\node_modules\\appium\\node_modules\\appium-uiautomator2-server\\apks\\appium-uiautomator2-server-v4.17.4.apk
[debug] &amp#27;[35m[ADB]&amp#27;[39m apksigner stdout: Signer #1 certificate DN: EMAILADDRESS=android@android.com, CN=Android, OU=Android, O=Android, L=Mountain View, ST=California, C=US
[debug] &amp#27;[35m[ADB]&amp#27;[39m Signer #1 certificate SHA-256 digest: a40da80a59d170caa950cf15c18c454d47a39b26989d8b640ecd745ba71bf5dc
[debug] &amp#27;[35m[ADB]&amp#27;[39m Signer #1 certificate SHA-1 digest: 61ed377e85d386a8dfee6b864bd85b0bfaa5af81
[debug] &amp#27;[35m[ADB]&amp#27;[39m Signer #1 certificate MD5 digest: e89b158e4bcf988ebd09eb83f5378e87
[debug] &amp#27;[35m[ADB]&amp#27;[39m 
[debug] &amp#27;[35m[ADB]&amp#27;[39m sha256 hash did match for 'appium-uiautomator2-server-v4.17.4.apk'
&amp#27;[35m[ADB]&amp#27;[39m 'C:\Users\Admin\AppData\Roaming\npm\node_modules\appium\node_modules\appium-uiautomator2-server\apks\appium-uiautomator2-server-v4.17.4.apk' is signed with the default certificate
[debug] &amp#27;[35m[ADB]&amp#27;[39m Getting install status for io.appium.uiautomator2.server.test
[debug] &amp#27;[35m[ADB]&amp#27;[39m Running 'C:\Users\Admin\AppData\Local\Android\Sdk\platform-tools\adb.exe -P 5037 -s ba559782 shell dumpsys package io.appium.uiautomator2.server.test'
[debug] &amp#27;[35m[ADB]&amp#27;[39m 'io.appium.uiautomator2.server.test' is installed
[debug] &amp#27;[35m[ADB]&amp#27;[39m Checking app cert for C:\Users\Admin\AppData\Roaming\npm\node_modules\appium\node_modules\appium-uiautomator2-server\apks\appium-uiautomator2-server-debug-androidTest.apk
[debug] &amp#27;[35m[ADB]&amp#27;[39m Starting apksigner: 'C:\\Program Files\\Java\\jdk1.8.0_261\\bin\\java.exe' -Xmx1024M -Xss1m -jar C:\\Users\\Admin\\AppData\\Local\\Android\\Sdk\\build-tools\\30.0.3\\lib\\apksigner.jar verify --print-certs C:\\Users\\Admin\\AppData\\Roaming\\npm\\node_modules\\appium\\node_modules\\appium-uiautomator2-server\\apks\\appium-uiautomator2-server-debug-androidTest.apk
[debug] &amp#27;[35m[ADB]&amp#27;[39m apksigner stdout: Signer #1 certificate DN: EMAILADDRESS=android@android.com, CN=Android, OU=Android, O=Android, L=Mountain View, ST=California, C=US
[debug] &amp#27;[35m[ADB]&amp#27;[39m Signer #1 certificate SHA-256 digest: a40da80a59d170caa950cf15c18c454d47a39b26989d8b640ecd745ba71bf5dc
[debug] &amp#27;[35m[ADB]&amp#27;[39m Signer #1 certificate SHA-1 digest: 61ed377e85d386a8dfee6b864bd85b0bfaa5af81
[debug] &amp#27;[35m[ADB]&amp#27;[39m Signer #1 certificate MD5 digest: e89b158e4bcf988ebd09eb83f5378e87
[debug] &amp#27;[35m[ADB]&amp#27;[39m 
[debug] &amp#27;[35m[ADB]&amp#27;[39m sha256 hash did match for 'appium-uiautomator2-server-debug-androidTest.apk'
&amp#27;[35m[ADB]&amp#27;[39m 'C:\Users\Admin\AppData\Roaming\npm\node_modules\appium\node_modules\appium-uiautomator2-server\apks\appium-uiautomator2-server-debug-androidTest.apk' is signed with the default certificate
&amp#27;[35m[UiAutomator2]&amp#27;[39m Server packages are not going to be (re)installed
[debug] &amp#27;[35m[UiAutomator2]&amp#27;[39m Waiting up to 30000ms for services to be available
[debug] &amp#27;[35m[ADB]&amp#27;[39m Running 'C:\Users\Admin\AppData\Local\Android\Sdk\platform-tools\adb.exe -P 5037 -s ba559782 shell pm list instrumentation'
[debug] &amp#27;[35m[UiAutomator2]&amp#27;[39m Instrumentation target 'io.appium.uiautomator2.server.test/androidx.test.runner.AndroidJUnitRunner' is available
[debug] &amp#27;[35m[UiAutomator2]&amp#27;[39m No app capability. Assuming it is already on the device
[debug] &amp#27;[35m[ADB]&amp#27;[39m Getting install status for io.appium.android.apis
[debug] &amp#27;[35m[ADB]&amp#27;[39m Running 'C:\Users\Admin\AppData\Local\Android\Sdk\platform-tools\adb.exe -P 5037 -s ba559782 shell dumpsys package io.appium.android.apis'
[debug] &amp#27;[35m[ADB]&amp#27;[39m 'io.appium.android.apis' is installed
[debug] &amp#27;[35m[ADB]&amp#27;[39m Running 'C:\Users\Admin\AppData\Local\Android\Sdk\platform-tools\adb.exe -P 5037 -s ba559782 shell am force-stop io.appium.android.apis'
[debug] &amp#27;[35m[ADB]&amp#27;[39m Running 'C:\Users\Admin\AppData\Local\Android\Sdk\platform-tools\adb.exe -P 5037 -s ba559782 shell pm clear io.appium.android.apis'
[debug] &amp#27;[35m[AndroidDriver]&amp#27;[39m Performed fast reset on the installed 'io.appium.android.apis' application (stop and clear)
[debug] &amp#27;[35m[UiAutomator2]&amp#27;[39m Performing shallow cleanup of automation leftovers
[debug] &amp#27;[35m[UiAutomator2]&amp#27;[39m The following obsolete sessions are still running: [null]
[debug] &amp#27;[35m[UiAutomator2]&amp#27;[39m Cleaning up the obsolete sessions
[debug] &amp#27;[35m[ADB]&amp#27;[39m Running 'C:\Users\Admin\AppData\Local\Android\Sdk\platform-tools\adb.exe -P 5037 -s ba559782 shell am force-stop io.appium.uiautomator2.server.test'
&amp#27;[35m[UiAutomator2]&amp#27;[39m Starting UIAutomator2 server 4.17.4
&amp#27;[35m[UiAutomator2]&amp#27;[39m Using UIAutomator2 server from 'C:\Users\Admin\AppData\Roaming\npm\node_modules\appium\node_modules\appium-uiautomator2-server\apks\appium-uiautomator2-server-v4.17.4.apk' and test from 'C:\Users\Admin\AppData\Roaming\npm\node_modules\appium\node_modules\appium-uiautomator2-server\apks\appium-uiautomator2-server-debug-androidTest.apk'
&amp#27;[35m[UiAutomator2]&amp#27;[39m Waiting up to 30000ms for UiAutomator2 to be online...
[debug] &amp#27;[35m[ADB]&amp#27;[39m Creating ADB subprocess with args: ["-P",5037,"-s","ba559782","shell","am","instrument","-w","io.appium.uiautomator2.server.test/androidx.test.runner.AndroidJUnitRunner"]
[debug] &amp#27;[35m[WD Proxy]&amp#27;[39m Matched '/status' to command name 'getStatus'
[debug] &amp#27;[35m[WD Proxy]&amp#27;[39m Proxying [GET /status] to [GET http://127.0.0.1:8209/wd/hub/status] with no body
&amp#27;[35m[WD Proxy]&amp#27;[39m socket hang up
[debug] &amp#27;[35m[WD Proxy]&amp#27;[39m Matched '/status' to command name 'getStatus'
[debug] &amp#27;[35m[WD Proxy]&amp#27;[39m Proxying [GET /status] to [GET http://127.0.0.1:8209/wd/hub/status] with no body
&amp#27;[35m[WD Proxy]&amp#27;[39m socket hang up
[debug] &amp#27;[35m[Instrumentation]&amp#27;[39m io.appium.uiautomator2.server.test.AppiumUiAutomator2Server:
[debug] &amp#27;[35m[WD Proxy]&amp#27;[39m Matched '/status' to command name 'getStatus'
[debug] &amp#27;[35m[WD Proxy]&amp#27;[39m Proxying [GET /status] to [GET http://127.0.0.1:8209/wd/hub/status] with no body
&amp#27;[35m[WD Proxy]&amp#27;[39m socket hang up
[debug] &amp#27;[35m[WD Proxy]&amp#27;[39m Matched '/status' to command name 'getStatus'
[debug] &amp#27;[35m[WD Proxy]&amp#27;[39m Proxying [GET /status] to [GET http://127.0.0.1:8209/wd/hub/status] with no body
[debug] &amp#27;[35m[WD Proxy]&amp#27;[39m Got response with status 200: {"sessionId":"None","value":{"message":"UiAutomator2 Server is ready to accept commands","ready":true}}
[debug] &amp#27;[35m[UiAutomator2]&amp#27;[39m The initialization of the instrumentation process took 3262ms
[debug] &amp#27;[35m[WD Proxy]&amp#27;[39m Matched '/session' to command name 'createSession'
[debug] &amp#27;[35m[WD Proxy]&amp#27;[39m Proxying [POST /session] to [POST http://127.0.0.1:8209/wd/hub/session] with body: {"capabilities":{"firstMatch":[{"platform":"LINUX","webStorageEnabled":false,"takesScreenshot":true,"javascriptEnabled":true,"databaseEnabled":false,"networkConnectionEnabled":true,"locationContextEnabled":false,"warnings":{},"desired":{"appPackage":"io.appium.android.apis","appActivity":"io.appium.android.apis.ApiDemos","platformVersion":"5.1.1","automationName":"Appium","platformName":"Android","deviceName":"oppo","UDID":"ba559782"},"appPackage":"io.appium.android.apis","appActivity":"io.appium.android.apis.ApiDemos","platformVersion":"5.1.1","automationName":"Appium","platformName":"Android","deviceName":"ba559782","UDID":"ba559782","deviceUDID":"ba559782"}],"alwaysMatch":{}}}
[debug] &amp#27;[35m[WD Proxy]&amp#27;[39m Got response with status 200: {"sessionId":"a9e5e7b6-ea6d-4ffd-b01c-e57b1afbb483","value":{"capabilities":{"firstMatch":[{"platform":"LINUX","webStorageEnabled":false,"takesScreenshot":true,"javascriptEnabled":true,"databaseEnabled":false,"networkConnectionEnabled":true,"locationContextEnabled":false,"warnings":{},"desired":{"appPackage":"io.appium.android.apis","appActivity":"io.appium.android.apis.ApiDemos","platformVersion":"5.1.1","automationName":"Appium","platformName":"Android","deviceName":"oppo","UDID":"ba559782"},"appPackage":"io.appium.android.apis","appActivity":"io.appium.android.apis.ApiDemos","platformVersion":"5.1.1","automationName":"Appium","platformName":"Android","deviceName":"ba559782","UDID":"ba559782","deviceUDID":"ba559782"}],"alwaysMatch":{}},"sessionId":"a9e5e7b6-ea6d-4ffd-b01c-e57b1afbb483"}}
&amp#27;[35m[WD Proxy]&amp#27;[39m Determined the downstream protocol as 'W3C'
[debug] &amp#27;[35m[WD Proxy]&amp#27;[39m Proxying [GET /appium/device/info] to [GET http://127.0.0.1:8209/wd/hub/session/a9e5e7b6-ea6d-4ffd-b01c-e57b1afbb483/appium/device/info] with no body
[debug] &amp#27;[35m[WD Proxy]&amp#27;[39m Got response with status 200: {"sessionId":"a9e5e7b6-ea6d-4ffd-b01c-e57b1afbb483","value":{"androidId":"c46155893a8a6abc","apiVersion":"22","bluetooth":{"state":"OFF"},"brand":"OPPO","carrierName":"","displayDensity":320,"locale":"en_US","manufacturer":"OPPO","model":"A37f","networks":[{"capabilities":{"SSID":null,"linkDownBandwidthKbps":1048576,"linkUpstreamBandwidthKbps":1048576,"networkCapabilities":"NET_CAPABILITY_NOT_RESTRICTED,NET_CAPABILITY_NOT_VPN,NET_CAPABILITY_INTERNET,NET_CAPABILITY_TRUSTED","signalStrength":null,"transportTypes":"TRANSPORT_WIFI"},"detailedState":"CONNECTED","extraInfo":"\"realme6\"","isAvailable":true,"isConnected":true,"isFailover":false,"isRoaming":false,"state":"CONNECTED","subtype":0,"subtypeName":"","type":1,"typeName":"WIFI"}],"platformVersion":"5.1.1","realDisplaySize":"720x1280","timeZone":"Asia/Calcutta"}}
[debug] &amp#27;[35m[ADB]&amp#27;[39m Running 'C:\Users\Admin\AppData\Local\Android\Sdk\platform-tools\adb.exe -P 5037 -s ba559782 shell dumpsys window'
&amp#27;[35m[AndroidDriver]&amp#27;[39m Screen already unlocked, doing nothing
&amp#27;[35m[UiAutomator2]&amp#27;[39m Starting 'io.appium.android.apis/io.appium.android.apis.ApiDemos and waiting for 'io.appium.android.apis/io.appium.android.apis.ApiDemos'
[debug] &amp#27;[35m[ADB]&amp#27;[39m Running 'C:\Users\Admin\AppData\Local\Android\Sdk\platform-tools\adb.exe -P 5037 -s ba559782 shell am start -W -n io.appium.android.apis/io.appium.android.apis.ApiDemos -S -a android.intent.action.MAIN -c android.intent.category.LAUNCHER -f 0x10200000'
[debug] &amp#27;[35m[WD Proxy]&amp#27;[39m Proxying [GET /appium/device/pixel_ratio] to [GET http://127.0.0.1:8209/wd/hub/session/a9e5e7b6-ea6d-4ffd-b01c-e57b1afbb483/appium/device/pixel_ratio] with no body
[debug] &amp#27;[35m[WD Proxy]&amp#27;[39m Got response with status 200: {"sessionId":"a9e5e7b6-ea6d-4ffd-b01c-e57b1afbb483","value":2}
[debug] &amp#27;[35m[WD Proxy]&amp#27;[39m Matched '/appium/device/system_bars' to command name 'getSystemBars'
[debug] &amp#27;[35m[WD Proxy]&amp#27;[39m Proxying [GET /appium/device/system_bars] to [GET http://127.0.0.1:8209/wd/hub/session/a9e5e7b6-ea6d-4ffd-b01c-e57b1afbb483/appium/device/system_bars] with no body
[debug] &amp#27;[35m[WD Proxy]&amp#27;[39m Got response with status 200: {"sessionId":"a9e5e7b6-ea6d-4ffd-b01c-e57b1afbb483","value":{"statusBar":36}}
[debug] &amp#27;[35m[WD Proxy]&amp#27;[39m Matched '/window/current/size' to command name 'getWindowSize'
[debug] &amp#27;[35m[WD Proxy]&amp#27;[39m Proxying [GET /window/current/size] to [GET http://127.0.0.1:8209/wd/hub/session/a9e5e7b6-ea6d-4ffd-b01c-e57b1afbb483/window/current/size] with no body
[debug] &amp#27;[35m[WD Proxy]&amp#27;[39m Got response with status 200: {"sessionId":"a9e5e7b6-ea6d-4ffd-b01c-e57b1afbb483","value":{"height":1280,"width":720}}
&amp#27;[35m[Appium]&amp#27;[39m New AndroidUiautomator2Driver session created successfully, session 2dc62b3c-2f36-40ec-b268-f90743b7e261 added to master session list
[debug] &amp#27;[35m[BaseDriver]&amp#27;[39m Event 'newSessionStarted' logged at 1616944587474 (20:46:27 GMT+0530 (India Standard Time))
[debug] &amp#27;[35m[MJSONWP (2dc62b3c)]&amp#27;[39m Cached the protocol value 'MJSONWP' for the new session 2dc62b3c-2f36-40ec-b268-f90743b7e261
[debug] &amp#27;[35m[MJSONWP (2dc62b3c)]&amp#27;[39m Responding to client with driver.createSession() result: {"platform":"LINUX","webStorageEnabled":false,"takesScreenshot":true,"javascriptEnabled":true,"databaseEnabled":false,"networkConnectionEnabled":true,"locationContextEnabled":false,"warnings":{},"desired":{"appPackage":"io.appium.android.apis","appActivity":"io.appium.android.apis.ApiDemos","platformVersion":"5.1.1","automationName":"Appium","platformName":"Android","deviceName":"oppo","UDID":"ba559782"},"appPackage":"io.appium.android.apis","appActivity":"io.appium.android.apis.ApiDemos","platformVersion":"5.1.1","automationName":"Appium","platformName":"Android","deviceName":"ba559782","UDID":"ba559782","deviceUDID":"ba559782","deviceApiLevel":22,"deviceScreenSize":"720x1280","deviceScreenDensity":320,"deviceModel":"A37f","deviceManufacturer":"OPPO","pixelRatio":2,"statBarHeight":36,"viewportRect":{"left":0,"top":36,"width":720,"height":1244}}
&amp#27;[35m[HTTP]&amp#27;[39m &amp#27;[37m<-- POST /wd/hub/session &amp#27;[39m&amp#27;[32m200&amp#27;[39m &amp#27;[90m29272 ms - 929&amp#27;[39m
&amp#27;[35m[HTTP]&amp#27;[39m &amp#27;[90m&amp#27;[39m
&amp#27;[35m[HTTP]&amp#27;[39m &amp#27;[37m-->&amp#27;[39m &amp#27;[37mPOST&amp#27;[39m &amp#27;[37m/wd/hub/session/2dc62b3c-2f36-40ec-b268-f90743b7e261/timeouts&amp#27;[39m
&amp#27;[35m[HTTP]&amp#27;[39m &amp#27;[90m{"type":"implicit","ms":10000}&amp#27;[39m
[debug] &amp#27;[35m[MJSONWP (2dc62b3c)]&amp#27;[39m Calling AppiumDriver.timeouts() with args: ["implicit",10000,null,null,null,"2dc62b3c-2f36-40ec-b268-f90743b7e261"]
[debug] &amp#27;[35m[BaseDriver]&amp#27;[39m MJSONWP timeout arguments: {"type":"implicit","ms":10000}}
[debug] &amp#27;[35m[BaseDriver]&amp#27;[39m Set implicit wait to 10000ms
[debug] &amp#27;[35m[MJSONWP (2dc62b3c)]&amp#27;[39m Responding to client with driver.timeouts() result: null
&amp#27;[35m[HTTP]&amp#27;[39m &amp#27;[37m<-- POST /wd/hub/session/2dc62b3c-2f36-40ec-b268-f90743b7e261/timeouts &amp#27;[39m&amp#27;[32m200&amp#27;[39m &amp#27;[90m13 ms - 76&amp#27;[39m
&amp#27;[35m[HTTP]&amp#27;[39m &amp#27;[90m&amp#27;[39m
&amp#27;[35m[HTTP]&amp#27;[39m &amp#27;[37m-->&amp#27;[39m &amp#27;[37mPOST&amp#27;[39m &amp#27;[37m/wd/hub/session/2dc62b3c-2f36-40ec-b268-f90743b7e261/timeouts&amp#27;[39m
&amp#27;[35m[HTTP]&amp#27;[39m &amp#27;[90m{"type":"implicit","ms":0}&amp#27;[39m
[debug] &amp#27;[35m[MJSONWP (2dc62b3c)]&amp#27;[39m Calling AppiumDriver.timeouts() with args: ["implicit",0,null,null,null,"2dc62b3c-2f36-40ec-b268-f90743b7e261"]
[debug] &amp#27;[35m[BaseDriver]&amp#27;[39m MJSONWP timeout arguments: {"type":"implicit","ms":0}}
[debug] &amp#27;[35m[BaseDriver]&amp#27;[39m Set implicit wait to 0ms
[debug] &amp#27;[35m[MJSONWP (2dc62b3c)]&amp#27;[39m Responding to client with driver.timeouts() result: null
&amp#27;[35m[HTTP]&amp#27;[39m &amp#27;[37m<-- POST /wd/hub/session/2dc62b3c-2f36-40ec-b268-f90743b7e261/timeouts &amp#27;[39m&amp#27;[32m200&amp#27;[39m &amp#27;[90m6 ms - 76&amp#27;[39m
&amp#27;[35m[HTTP]&amp#27;[39m &amp#27;[90m&amp#27;[39m
&amp#27;[35m[HTTP]&amp#27;[39m &amp#27;[37m-->&amp#27;[39m &amp#27;[37mGET&amp#27;[39m &amp#27;[37m/wd/hub/session/2dc62b3c-2f36-40ec-b268-f90743b7e261/context&amp#27;[39m
&amp#27;[35m[HTTP]&amp#27;[39m &amp#27;[90m{}&amp#27;[39m
[debug] &amp#27;[35m[MJSONWP (2dc62b3c)]&amp#27;[39m Calling AppiumDriver.getCurrentContext() with args: ["2dc62b3c-2f36-40ec-b268-f90743b7e261"]
[debug] &amp#27;[35m[MJSONWP (2dc62b3c)]&amp#27;[39m Responding to client with driver.getCurrentContext() result: "NATIVE_APP"
&amp#27;[35m[HTTP]&amp#27;[39m &amp#27;[37m<-- GET /wd/hub/session/2dc62b3c-2f36-40ec-b268-f90743b7e261/context &amp#27;[39m&amp#27;[32m200&amp#27;[39m &amp#27;[90m19 ms - 84&amp#27;[39m
&amp#27;[35m[HTTP]&amp#27;[39m &amp#27;[90m&amp#27;[39m
&amp#27;[35m[HTTP]&amp#27;[39m &amp#27;[37m-->&amp#27;[39m &amp#27;[37mPOST&amp#27;[39m &amp#27;[37m/wd/hub/session/2dc62b3c-2f36-40ec-b268-f90743b7e261/elements&amp#27;[39m
&amp#27;[35m[HTTP]&amp#27;[39m &amp#27;[90m{"using":"xpath","value":"//android.widget.TextView[@text='Media']"}&amp#27;[39m
[debug] &amp#27;[35m[MJSONWP (2dc62b3c)]&amp#27;[39m Calling AppiumDriver.findElements() with args: ["xpath","//android.widget.TextView[@text='Media']","2dc62b3c-2f36-40ec-b268-f90743b7e261"]
[debug] &amp#27;[35m[BaseDriver]&amp#27;[39m Valid locator strategies for this request: xpath, id, class name, accessibility id, css selector, -android uiautomator
[debug] &amp#27;[35m[BaseDriver]&amp#27;[39m Waiting up to 0 ms for condition
[debug] &amp#27;[35m[WD Proxy]&amp#27;[39m Matched '/elements' to command name 'findElements'
[debug] &amp#27;[35m[WD Proxy]&amp#27;[39m Proxying [POST /elements] to [POST http://127.0.0.1:8209/wd/hub/session/a9e5e7b6-ea6d-4ffd-b01c-e57b1afbb483/elements] with body: {"strategy":"xpath","selector":"//android.widget.TextView[@text='Media']","context":"","multiple":true}
[debug] &amp#27;[35m[WD Proxy]&amp#27;[39m Got response with status 200: {"sessionId":"a9e5e7b6-ea6d-4ffd-b01c-e57b1afbb483","value":[{"ELEMENT":"6f6448b6-81e3-4db7-b8e1-9469eab4dca8","element-6066-11e4-a52e-4f735466cecf":"6f6448b6-81e3-4db7-b8e1-9469eab4dca8"}]}
[debug] &amp#27;[35m[MJSONWP (2dc62b3c)]&amp#27;[39m Responding to client with driver.findElements() result: [{"element-6066-11e4-a52e-4f735466cecf":"6f6448b6-81e3-4db7-b8e1-9469eab4dca8","ELEMENT":"6f6448b6-81e3-4db7-b8e1-9469eab4dca8"}]
&amp#27;[35m[HTTP]&amp#27;[39m &amp#27;[37m<-- POST /wd/hub/session/2dc62b3c-2f36-40ec-b268-f90743b7e261/elements &amp#27;[39m&amp#27;[32m200&amp#27;[39m &amp#27;[90m237 ms - 201&amp#27;[39m
&amp#27;[35m[HTTP]&amp#27;[39m &amp#27;[90m&amp#27;[39m
&amp#27;[35m[HTTP]&amp#27;[39m &amp#27;[37m-->&amp#27;[39m &amp#27;[37mPOST&amp#27;[39m &amp#27;[37m/wd/hub/session/2dc62b3c-2f36-40ec-b268-f90743b7e261/timeouts&amp#27;[39m
&amp#27;[35m[HTTP]&amp#27;[39m &amp#27;[90m{"type":"implicit","ms":1000}&amp#27;[39m
[debug] &amp#27;[35m[MJSONWP (2dc62b3c)]&amp#27;[39m Calling AppiumDriver.timeouts() with args: ["implicit",1000,null,null,null,"2dc62b3c-2f36-40ec-b268-f90743b7e261"]
[debug] &amp#27;[35m[BaseDriver]&amp#27;[39m MJSONWP timeout arguments: {"type":"implicit","ms":1000}}
[debug] &amp#27;[35m[BaseDriver]&amp#27;[39m Set implicit wait to 1000ms
[debug] &amp#27;[35m[MJSONWP (2dc62b3c)]&amp#27;[39m Responding to client with driver.timeouts() result: null
&amp#27;[35m[HTTP]&amp#27;[39m &amp#27;[37m<-- POST /wd/hub/session/2dc62b3c-2f36-40ec-b268-f90743b7e261/timeouts &amp#27;[39m&amp#27;[32m200&amp#27;[39m &amp#27;[90m6 ms - 76&amp#27;[39m
&amp#27;[35m[HTTP]&amp#27;[39m &amp#27;[90m&amp#27;[39m
&amp#27;[35m[HTTP]&amp#27;[39m &amp#27;[37m-->&amp#27;[39m &amp#27;[37mPOST&amp#27;[39m &amp#27;[37m/wd/hub/session/2dc62b3c-2f36-40ec-b268-f90743b7e261/element/6f6448b6-81e3-4db7-b8e1-9469eab4dca8/click&amp#27;[39m
&amp#27;[35m[HTTP]&amp#27;[39m &amp#27;[90m{"id":"6f6448b6-81e3-4db7-b8e1-9469eab4dca8"}&amp#27;[39m
[debug] &amp#27;[35m[MJSONWP (2dc62b3c)]&amp#27;[39m Calling AppiumDriver.click() with args: ["6f6448b6-81e3-4db7-b8e1-9469eab4dca8","2dc62b3c-2f36-40ec-b268-f90743b7e261"]
[debug] &amp#27;[35m[WD Proxy]&amp#27;[39m Matched '/element/6f6448b6-81e3-4db7-b8e1-9469eab4dca8/click' to command name 'click'
[debug] &amp#27;[35m[WD Proxy]&amp#27;[39m Proxying [POST /element/6f6448b6-81e3-4db7-b8e1-9469eab4dca8/click] to [POST http://127.0.0.1:8209/wd/hub/session/a9e5e7b6-ea6d-4ffd-b01c-e57b1afbb483/element/6f6448b6-81e3-4db7-b8e1-9469eab4dca8/click] with body: {"element":"6f6448b6-81e3-4db7-b8e1-9469eab4dca8"}
[debug] &amp#27;[35m[WD Proxy]&amp#27;[39m Got response with status 200: {"sessionId":"a9e5e7b6-ea6d-4ffd-b01c-e57b1afbb483","value":null}
[debug] &amp#27;[35m[MJSONWP (2dc62b3c)]&amp#27;[39m Responding to client with driver.click() result: null
&amp#27;[35m[HTTP]&amp#27;[39m &amp#27;[37m<-- POST /wd/hub/session/2dc62b3c-2f36-40ec-b268-f90743b7e261/element/6f6448b6-81e3-4db7-b8e1-9469eab4dca8/click &amp#27;[39m&amp#27;[32m200&amp#27;[39m &amp#27;[90m3931 ms - 76&amp#27;[39m
&amp#27;[35m[HTTP]&amp#27;[39m &amp#27;[90m&amp#27;[39m
&amp#27;[35m[HTTP]&amp#27;[39m &amp#27;[37m-->&amp#27;[39m &amp#27;[37mPOST&amp#27;[39m &amp#27;[37m/wd/hub/session/2dc62b3c-2f36-40ec-b268-f90743b7e261/timeouts&amp#27;[39m
&amp#27;[35m[HTTP]&amp#27;[39m &amp#27;[90m{"type":"implicit","ms":0}&amp#27;[39m
[debug] &amp#27;[35m[MJSONWP (2dc62b3c)]&amp#27;[39m Calling AppiumDriver.timeouts() with args: ["implicit",0,null,null,null,"2dc62b3c-2f36-40ec-b268-f90743b7e261"]
[debug] &amp#27;[35m[BaseDriver]&amp#27;[39m MJSONWP timeout arguments: {"type":"implicit","ms":0}}
[debug] &amp#27;[35m[BaseDriver]&amp#27;[39m Set implicit wait to 0ms
[debug] &amp#27;[35m[MJSONWP (2dc62b3c)]&amp#27;[39m Responding to client with driver.timeouts() result: null
&amp#27;[35m[HTTP]&amp#27;[39m &amp#27;[37m<-- POST /wd/hub/session/2dc62b3c-2f36-40ec-b268-f90743b7e261/timeouts &amp#27;[39m&amp#27;[32m200&amp#27;[39m &amp#27;[90m10 ms - 76&amp#27;[39m
&amp#27;[35m[HTTP]&amp#27;[39m &amp#27;[90m&amp#27;[39m
&amp#27;[35m[HTTP]&amp#27;[39m &amp#27;[37m-->&amp#27;[39m &amp#27;[37mGET&amp#27;[39m &amp#27;[37m/wd/hub/session/2dc62b3c-2f36-40ec-b268-f90743b7e261/context&amp#27;[39m
&amp#27;[35m[HTTP]&amp#27;[39m &amp#27;[90m{}&amp#27;[39m
[debug] &amp#27;[35m[MJSONWP (2dc62b3c)]&amp#27;[39m Calling AppiumDriver.getCurrentContext() with args: ["2dc62b3c-2f36-40ec-b268-f90743b7e261"]
[debug] &amp#27;[35m[MJSONWP (2dc62b3c)]&amp#27;[39m Responding to client with driver.getCurrentContext() result: "NATIVE_APP"
&amp#27;[35m[HTTP]&amp#27;[39m &amp#27;[37m<-- GET /wd/hub/session/2dc62b3c-2f36-40ec-b268-f90743b7e261/context &amp#27;[39m&amp#27;[32m200&amp#27;[39m &amp#27;[90m5 ms - 84&amp#27;[39m
&amp#27;[35m[HTTP]&amp#27;[39m &amp#27;[90m&amp#27;[39m
&amp#27;[35m[HTTP]&amp#27;[39m &amp#27;[37m-->&amp#27;[39m &amp#27;[37mPOST&amp#27;[39m &amp#27;[37m/wd/hub/session/2dc62b3c-2f36-40ec-b268-f90743b7e261/elements&amp#27;[39m
&amp#27;[35m[HTTP]&amp#27;[39m &amp#27;[90m{"using":"accessibility id","value":"AudioFx"}&amp#27;[39m
[debug] &amp#27;[35m[MJSONWP (2dc62b3c)]&amp#27;[39m Calling AppiumDriver.findElements() with args: ["accessibility id","AudioFx","2dc62b3c-2f36-40ec-b268-f90743b7e261"]
[debug] &amp#27;[35m[BaseDriver]&amp#27;[39m Valid locator strategies for this request: xpath, id, class name, accessibility id, css selector, -android uiautomator
[debug] &amp#27;[35m[BaseDriver]&amp#27;[39m Waiting up to 0 ms for condition
[debug] &amp#27;[35m[WD Proxy]&amp#27;[39m Matched '/elements' to command name 'findElements'
[debug] &amp#27;[35m[WD Proxy]&amp#27;[39m Proxying [POST /elements] to [POST http://127.0.0.1:8209/wd/hub/session/a9e5e7b6-ea6d-4ffd-b01c-e57b1afbb483/elements] with body: {"strategy":"accessibility id","selector":"AudioFx","context":"","multiple":true}
[debug] &amp#27;[35m[WD Proxy]&amp#27;[39m Got response with status 200: {"sessionId":"a9e5e7b6-ea6d-4ffd-b01c-e57b1afbb483","value":[{"ELEMENT":"96f891ce-9ae0-4ae9-99c6-10843d25958f","element-6066-11e4-a52e-4f735466cecf":"96f891ce-9ae0-4ae9-99c6-10843d25958f"}]}
[debug] &amp#27;[35m[MJSONWP (2dc62b3c)]&amp#27;[39m Responding to client with driver.findElements() result: [{"element-6066-11e4-a52e-4f735466cecf":"96f891ce-9ae0-4ae9-99c6-10843d25958f","ELEMENT":"96f891ce-9ae0-4ae9-99c6-10843d25958f"}]
&amp#27;[35m[HTTP]&amp#27;[39m &amp#27;[37m<-- POST /wd/hub/session/2dc62b3c-2f36-40ec-b268-f90743b7e261/elements &amp#27;[39m&amp#27;[32m200&amp#27;[39m &amp#27;[90m545 ms - 201&amp#27;[39m
&amp#27;[35m[HTTP]&amp#27;[39m &amp#27;[90m&amp#27;[39m
&amp#27;[35m[HTTP]&amp#27;[39m &amp#27;[37m-->&amp#27;[39m &amp#27;[37mPOST&amp#27;[39m &amp#27;[37m/wd/hub/session/2dc62b3c-2f36-40ec-b268-f90743b7e261/timeouts&amp#27;[39m
&amp#27;[35m[HTTP]&amp#27;[39m &amp#27;[90m{"type":"implicit","ms":1000}&amp#27;[39m
[debug] &amp#27;[35m[MJSONWP (2dc62b3c)]&amp#27;[39m Calling AppiumDriver.timeouts() with args: ["implicit",1000,null,null,null,"2dc62b3c-2f36-40ec-b268-f90743b7e261"]
[debug] &amp#27;[35m[BaseDriver]&amp#27;[39m MJSONWP timeout arguments: {"type":"implicit","ms":1000}}
[debug] &amp#27;[35m[BaseDriver]&amp#27;[39m Set implicit wait to 1000ms
[debug] &amp#27;[35m[MJSONWP (2dc62b3c)]&amp#27;[39m Responding to client with driver.timeouts() result: null
&amp#27;[35m[HTTP]&amp#27;[39m &amp#27;[37m<-- POST /wd/hub/session/2dc62b3c-2f36-40ec-b268-f90743b7e261/timeouts &amp#27;[39m&amp#27;[32m200&amp#27;[39m &amp#27;[90m6 ms - 76&amp#27;[39m
&amp#27;[35m[HTTP]&amp#27;[39m &amp#27;[90m&amp#27;[39m
&amp#27;[35m[HTTP]&amp#27;[39m &amp#27;[37m-->&amp#27;[39m &amp#27;[37mPOST&amp#27;[39m &amp#27;[37m/wd/hub/session/2dc62b3c-2f36-40ec-b268-f90743b7e261/element/96f891ce-9ae0-4ae9-99c6-10843d25958f/click&amp#27;[39m
&amp#27;[35m[HTTP]&amp#27;[39m &amp#27;[90m{"id":"96f891ce-9ae0-4ae9-99c6-10843d25958f"}&amp#27;[39m
[debug] &amp#27;[35m[MJSONWP (2dc62b3c)]&amp#27;[39m Calling AppiumDriver.click() with args: ["96f891ce-9ae0-4ae9-99c6-10843d25958f","2dc62b3c-2f36-40ec-b268-f90743b7e261"]
[debug] &amp#27;[35m[WD Proxy]&amp#27;[39m Matched '/element/96f891ce-9ae0-4ae9-99c6-10843d25958f/click' to command name 'click'
[debug] &amp#27;[35m[WD Proxy]&amp#27;[39m Proxying [POST /element/96f891ce-9ae0-4ae9-99c6-10843d25958f/click] to [POST http://127.0.0.1:8209/wd/hub/session/a9e5e7b6-ea6d-4ffd-b01c-e57b1afbb483/element/96f891ce-9ae0-4ae9-99c6-10843d25958f/click] with body: {"element":"96f891ce-9ae0-4ae9-99c6-10843d25958f"}
[debug] &amp#27;[35m[WD Proxy]&amp#27;[39m Got response with status 200: {"sessionId":"a9e5e7b6-ea6d-4ffd-b01c-e57b1afbb483","value":null}
[debug] &amp#27;[35m[MJSONWP (2dc62b3c)]&amp#27;[39m Responding to client with driver.click() result: null
&amp#27;[35m[HTTP]&amp#27;[39m &amp#27;[37m<-- POST /wd/hub/session/2dc62b3c-2f36-40ec-b268-f90743b7e261/element/96f891ce-9ae0-4ae9-99c6-10843d25958f/click &amp#27;[39m&amp#27;[32m200&amp#27;[39m &amp#27;[90m3393 ms - 76&amp#27;[39m
&amp#27;[35m[HTTP]&amp#27;[39m &amp#27;[90m&amp#27;[39m
&amp#27;[35m[HTTP]&amp#27;[39m &amp#27;[37m-->&amp#27;[39m &amp#27;[37mPOST&amp#27;[39m &amp#27;[37m/wd/hub/session/2dc62b3c-2f36-40ec-b268-f90743b7e261/touch/perform&amp#27;[39m
&amp#27;[35m[HTTP]&amp#27;[39m &amp#27;[90m{"actions":[{"action":"press","options":{"x":173,"y":393}},{"action":"wait","options":{"ms":1000}},{"action":"moveTo","options":{"x":562,"y":393}},{"action":"release","options":{}}]}&amp#27;[39m
[debug] &amp#27;[35m[MJSONWP (2dc62b3c)]&amp#27;[39m Calling AppiumDriver.performTouch() with args: [[{"action":"press","options":{"x":173,"y":393}},{"action":"wait","options":{"ms":1000}},{"action":"moveTo","options":{"x":562,"y":393}},{"action":"release","options":{}}],"2dc62b3c-2f36-40ec-b268-f90743b7e261"]
[debug] &amp#27;[35m[WD Proxy]&amp#27;[39m Matched '/touch/perform' to command name 'performTouch'
[debug] &amp#27;[35m[WD Proxy]&amp#27;[39m Proxying [POST /touch/perform] to [POST http://127.0.0.1:8209/wd/hub/session/a9e5e7b6-ea6d-4ffd-b01c-e57b1afbb483/touch/perform] with body: {"startX":173,"startY":393,"endX":562,"endY":393,"steps":28}
[debug] &amp#27;[35m[WD Proxy]&amp#27;[39m Got response with status 200: {"sessionId":"a9e5e7b6-ea6d-4ffd-b01c-e57b1afbb483","value":null}
[debug] &amp#27;[35m[MJSONWP (2dc62b3c)]&amp#27;[39m Responding to client with driver.performTouch() result: null
&amp#27;[35m[HTTP]&amp#27;[39m &amp#27;[37m<-- POST /wd/hub/session/2dc62b3c-2f36-40ec-b268-f90743b7e261/touch/perform &amp#27;[39m&amp#27;[32m200&amp#27;[39m &amp#27;[90m1512 ms - 76&amp#27;[39m
&amp#27;[35m[HTTP]&amp#27;[39m &amp#27;[90m&amp#27;[39m
]]></system-out>
  </testcase>
</testsuite>