<?xml version="1.0" encoding="UTF-8"?>
<testng-results skipped="0" failed="0" ignored="0" total="1" passed="1">
  <reporter-output>
  </reporter-output>
  <suite name="Suite" duration-ms="42900" started-at="2021-03-28T20:45:54 IST" finished-at="2021-03-28T20:46:37 IST">
    <groups>
    </groups>
    <test name="Test" duration-ms="42900" started-at="2021-03-28T20:45:54 IST" finished-at="2021-03-28T20:46:37 IST">
      <class name="com.android.ApiDemos.TestBase">
        <test-method status="PASS" signature="serverConnection()[pri:0, instance:com.android.ApiDemos.TestBase@727803de]" name="serverConnection" is-config="true" duration-ms="7637" started-at="2021-03-28T20:45:47 IST" finished-at="2021-03-28T20:45:54 IST">
          <reporter-output>
          </reporter-output>
        </test-method> <!-- serverConnection -->
        <test-method status="PASS" signature="launchApp()[pri:0, instance:com.android.ApiDemos.TestBase@727803de]" name="launchApp" is-config="true" duration-ms="32525" started-at="2021-03-28T20:45:55 IST" finished-at="2021-03-28T20:46:27 IST">
          <reporter-output>
          </reporter-output>
        </test-method> <!-- launchApp -->
        <test-method status="PASS" signature="test()[pri:0, instance:com.android.ApiDemos.TestBase@727803de]" name="test" duration-ms="10277" started-at="2021-03-28T20:46:27 IST" finished-at="2021-03-28T20:46:37 IST">
          <reporter-output>
          </reporter-output>
        </test-method> <!-- test -->
        <test-method status="PASS" signature="servicestop()[pri:0, instance:com.android.ApiDemos.TestBase@727803de]" name="servicestop" is-config="true" duration-ms="373" started-at="2021-03-28T20:46:37 IST" finished-at="2021-03-28T20:46:38 IST">
          <reporter-output>
          </reporter-output>
        </test-method> <!-- servicestop -->
      </class> <!-- com.android.ApiDemos.TestBase -->
    </test> <!-- Test -->
  </suite> <!-- Suite -->
</testng-results>
