<?xml version="1.0" encoding="UTF-8"?>
<testng-results skipped="0" failed="0" total="1" passed="1">
  <reporter-output>
  </reporter-output>
  <suite name="Default suite" duration-ms="20246" started-at="2021-03-28T14:10:45Z" finished-at="2021-03-28T14:11:05Z">
    <groups>
    </groups>
    <test name="Default test" duration-ms="20246" started-at="2021-03-28T14:10:45Z" finished-at="2021-03-28T14:11:05Z">
      <class name="com.android.ApiDemos.TestBase">
        <test-method status="PASS" signature="serverConnection()[pri:0, instance:com.android.ApiDemos.TestBase@3e6fa38a]" name="serverConnection" is-config="true" duration-ms="5113" started-at="2021-03-28T19:40:40Z" finished-at="2021-03-28T19:40:45Z">
          <reporter-output>
          </reporter-output>
        </test-method> <!-- serverConnection -->
        <test-method status="PASS" signature="launchApp()[pri:0, instance:com.android.ApiDemos.TestBase@3e6fa38a]" name="launchApp" is-config="true" duration-ms="20189" started-at="2021-03-28T19:40:45Z" finished-at="2021-03-28T19:41:05Z">
          <reporter-output>
          </reporter-output>
        </test-method> <!-- launchApp -->
        <test-method status="PASS" signature="test()[pri:0, instance:com.android.ApiDemos.TestBase@3e6fa38a]" name="test" duration-ms="14" started-at="2021-03-28T19:41:05Z" finished-at="2021-03-28T19:41:05Z">
          <reporter-output>
          </reporter-output>
        </test-method> <!-- test -->
        <test-method status="PASS" signature="servicestop()[pri:0, instance:com.android.ApiDemos.TestBase@3e6fa38a]" name="servicestop" is-config="true" duration-ms="103" started-at="2021-03-28T19:41:05Z" finished-at="2021-03-28T19:41:05Z">
          <reporter-output>
          </reporter-output>
        </test-method> <!-- servicestop -->
      </class> <!-- com.android.ApiDemos.TestBase -->
    </test> <!-- Default test -->
  </suite> <!-- Default suite -->
</testng-results>
